0 info it worked if it ends with ok
1 verbose cli [ 'C:\\Program Files\\nodejs\\\\node.exe',
1 verbose cli   'C:\\Program Files\\nodejs\\node_modules\\npm\\bin\\npm-cli.js',
1 verbose cli   'install',
1 verbose cli   'grint-string-replace',
1 verbose cli   '--save-dev' ]
2 info using npm@1.4.28
3 info using node@v0.10.32
4 verbose node symlink C:\Program Files\nodejs\\node.exe
5 verbose readDependencies using package.json deps
6 verbose cache add [ 'grint-string-replace', null ]
7 verbose cache add name=undefined spec="grint-string-replace" args=["grint-string-replace",null]
8 verbose parsed url { protocol: null,
8 verbose parsed url   slashes: null,
8 verbose parsed url   auth: null,
8 verbose parsed url   host: null,
8 verbose parsed url   port: null,
8 verbose parsed url   hostname: null,
8 verbose parsed url   hash: null,
8 verbose parsed url   search: null,
8 verbose parsed url   query: null,
8 verbose parsed url   pathname: 'grint-string-replace',
8 verbose parsed url   path: 'grint-string-replace',
8 verbose parsed url   href: 'grint-string-replace' }
9 silly lockFile 981d51d0-grint-string-replace grint-string-replace
10 verbose lock grint-string-replace C:\Users\MarceloBrito\AppData\Roaming\npm-cache\981d51d0-grint-string-replace.lock
11 silly lockFile 981d51d0-grint-string-replace grint-string-replace
12 silly lockFile 981d51d0-grint-string-replace grint-string-replace
13 verbose addNamed [ 'grint-string-replace', '' ]
14 verbose addNamed [ null, '*' ]
15 silly lockFile 0ed70b37-grint-string-replace grint-string-replace@
16 verbose lock grint-string-replace@ C:\Users\MarceloBrito\AppData\Roaming\npm-cache\0ed70b37-grint-string-replace.lock
17 silly addNameRange { name: 'grint-string-replace', range: '*', hasData: false }
18 verbose request where is /grint-string-replace
19 verbose request registry https://registry.npmjs.org/
20 verbose request id 02c094ec7d7c2a12
21 verbose url raw /grint-string-replace
22 verbose url resolving [ 'https://registry.npmjs.org/', './grint-string-replace' ]
23 verbose url resolved https://registry.npmjs.org/grint-string-replace
24 verbose request where is https://registry.npmjs.org/grint-string-replace
25 info trying registry request attempt 1 at 00:45:31
26 http GET https://registry.npmjs.org/grint-string-replace
27 http 404 https://registry.npmjs.org/grint-string-replace
28 verbose headers { date: 'Fri, 17 Oct 2014 03:45:34 GMT',
28 verbose headers   server: 'CouchDB/1.5.0 (Erlang OTP/R16B03)',
28 verbose headers   'content-type': 'application/json',
28 verbose headers   'cache-control': 'max-age=0',
28 verbose headers   'content-length': '52',
28 verbose headers   'accept-ranges': 'bytes',
28 verbose headers   via: '1.1 varnish',
28 verbose headers   age: '0',
28 verbose headers   'x-served-by': 'cache-iad2134-IAD',
28 verbose headers   'x-cache': 'MISS',
28 verbose headers   'x-cache-hits': '0',
28 verbose headers   'x-timer': 'S1413517533.971756,VS0,VE184',
28 verbose headers   'keep-alive': 'timeout=10, max=50',
28 verbose headers   connection: 'Keep-Alive' }
29 silly registry.get cb [ 404,
29 silly registry.get   { date: 'Fri, 17 Oct 2014 03:45:34 GMT',
29 silly registry.get     server: 'CouchDB/1.5.0 (Erlang OTP/R16B03)',
29 silly registry.get     'content-type': 'application/json',
29 silly registry.get     'cache-control': 'max-age=0',
29 silly registry.get     'content-length': '52',
29 silly registry.get     'accept-ranges': 'bytes',
29 silly registry.get     via: '1.1 varnish',
29 silly registry.get     age: '0',
29 silly registry.get     'x-served-by': 'cache-iad2134-IAD',
29 silly registry.get     'x-cache': 'MISS',
29 silly registry.get     'x-cache-hits': '0',
29 silly registry.get     'x-timer': 'S1413517533.971756,VS0,VE184',
29 silly registry.get     'keep-alive': 'timeout=10, max=50',
29 silly registry.get     connection: 'Keep-Alive' } ]
30 silly lockFile 0ed70b37-grint-string-replace grint-string-replace@
31 silly lockFile 0ed70b37-grint-string-replace grint-string-replace@
32 error 404 404 Not Found: grint-string-replace
32 error 404
32 error 404 'grint-string-replace' is not in the npm registry.
32 error 404 You should bug the author to publish it
32 error 404 It was specified as a dependency of 'marcelobritowd.com'
32 error 404
32 error 404 Note that you can also install from a
32 error 404 tarball, folder, or http url, or git url.
33 error System Windows_NT 6.2.9200
34 error command "C:\\Program Files\\nodejs\\\\node.exe" "C:\\Program Files\\nodejs\\node_modules\\npm\\bin\\npm-cli.js" "install" "grint-string-replace" "--save-dev"
35 error cwd C:\wamp\www\marcelobritowd.com
36 error node -v v0.10.32
37 error npm -v 1.4.28
38 error code E404
39 verbose exit [ 1, true ]
